2025-11-18 15:48:50, MOVE, v:1, k:poo@cinema, mode:PICK
2025-11-18 15:48:53, EXEC, v:1, k:poo@cinema, mode:FULL, rate:0, size:0
2025-11-18 16:23:15, MOVE, v:1, k:poo@cinema, mode:BACK
2025-11-18 16:23:23, MOVE, v:1, k:poo@pula-pula, mode:PICK
2025-11-18 16:23:26, EXEC, v:1, k:poo@pula-pula, mode:FULL, rate:100
2025-11-18 16:23:58, MOVE, v:1, k:poo@pula-pula, mode:BACK
2025-11-18 16:24:45, MOVE, v:1, k:poo@cinema, mode:PICK
2025-11-18 16:24:47, EXEC, v:1, k:poo@cinema, mode:FULL, rate:0, size:2
2025-11-18 16:50:22, EXEC, v:1, k:poo@cinema, mode:FULL, rate:0, size:34
2025-11-18 16:51:58, EXEC, v:1, k:poo@cinema, mode:FULL, rate:0, size:34
2025-11-18 16:52:45, EXEC, v:1, k:poo@cinema, mode:FULL, rate:0, size:34
2025-11-18 16:53:06, EXEC, v:1, k:poo@cinema, mode:FULL, rate:0, size:34
2025-11-18 16:53:24, EXEC, v:1, k:poo@cinema, mode:FULL, rate:0, size:34
2025-11-18 16:54:00, EXEC, v:1, k:poo@cinema, mode:FULL, rate:0, size:34
2025-11-18 16:54:51, EXEC, v:1, k:poo@cinema, mode:FULL, rate:11, size:34
2025-11-18 16:55:45, EXEC, v:1, k:poo@cinema, mode:FULL, rate:0, size:36
2025-11-18 16:55:48, EXEC, v:1, k:poo@cinema, mode:FULL, rate:0
2025-11-18 16:55:57, EXEC, v:1, k:poo@cinema, mode:FULL, rate:0, size:36
2025-11-18 16:56:12, EXEC, v:1, k:poo@cinema, mode:FULL, rate:11, size:36
2025-11-18 17:03:55, EXEC, v:1, k:poo@cinema, mode:FULL, rate:11, size:39
2025-11-18 17:14:14, EXEC, v:1, k:poo@cinema, mode:FULL, rate:11, size:40
2025-11-18 17:15:12, EXEC, v:1, k:poo@cinema, mode:FULL, rate:11, size:39
2025-11-18 17:16:35, EXEC, v:1, k:poo@cinema, mode:FULL, rate:11, size:39
2025-11-18 17:17:05, EXEC, v:1, k:poo@cinema, mode:FULL, rate:11, size:39
2025-11-18 17:17:10, EXEC, v:1, k:poo@cinema, mode:FULL, rate:11, size:39
